BorG SPM Error (2016/01/12 16:56:43)
System.Data.SqlClient.SqlException: Violation of PRIMARY KEY constraint 'PK_CASES'. Cannot insert duplicate key in object 'dbo.CASES'.
The statement has been terminated.
   at System.Data.SqlClient.SqlConnection.OnError(SqlException exception, Boolean breakConnection)
   at System.Data.SqlClient.SqlInternalConnection.OnError(SqlException exception, Boolean breakConnection)
   at System.Data.SqlClient.TdsParser.ThrowExceptionAndWarning(TdsParserStateObject stateObj)
   at System.Data.SqlClient.TdsParser.Run(RunBehavior runBehavior, SqlCommand cmdHandler, SqlDataReader dataStream, BulkCopySimpleResultSet bulkCopyHandler, TdsParserStateObject stateObj)
   at System.Data.SqlClient.SqlCommand.FinishExecuteReader(SqlDataReader ds, RunBehavior runBehavior, String resetOptionsString)
   at System.Data.SqlClient.SqlCommand.RunExecuteReaderTds(CommandBehavior cmdBehavior, RunBehavior runBehavior, Boolean returnStream, Boolean async)
   at System.Data.SqlClient.SqlCommand.RunExecuteReader(CommandBehavior cmdBehavior, RunBehavior runBehavior, Boolean returnStream, String method, DbAsyncResult result)
   at System.Data.SqlClient.SqlCommand.InternalExecuteNonQuery(DbAsyncResult result, String methodName, Boolean sendToPipe)
   at System.Data.SqlClient.SqlCommand.ExecuteNonQuery()
   at BorG.SPM.DataTier.CASES.SaveData()
[SQL Command]:insert into [CASES] ([CASEID],[PLANSN],[P_TASKID],[APPLICANT],[APPLYDEPT],[B_DATETIME],[E_DATETIME],[FINISH],[EXPEND],[OVERDUE],[IMPORTANT],[SUBJECT],[STATUS]) values (2915664,94,-1,29911,29406,'2016/01/12 16:56:43',null,'2999/12/31 23:59:59','2999/12/31 23:59:59','2999/12/31 23:59:59','2',@SUBJECT,'2')

BorG SPM Error (2017/03/21 09:09:57)
System.Data.SqlClient.SqlException: Timeout expired.  The timeout period elapsed prior to completion of the operation or the server is not responding.
   at System.Data.SqlClient.SqlConnection.OnError(SqlException exception, Boolean breakConnection)
   at System.Data.SqlClient.SqlInternalConnection.OnError(SqlException exception, Boolean breakConnection)
   at System.Data.SqlClient.TdsParser.ThrowExceptionAndWarning(TdsParserStateObject stateObj)
   at System.Data.SqlClient.TdsParser.Run(RunBehavior runBehavior, SqlCommand cmdHandler, SqlDataReader dataStream, BulkCopySimpleResultSet bulkCopyHandler, TdsParserStateObject stateObj)
   at System.Data.SqlClient.SqlCommand.FinishExecuteReader(SqlDataReader ds, RunBehavior runBehavior, String resetOptionsString)
   at System.Data.SqlClient.SqlCommand.RunExecuteReaderTds(CommandBehavior cmdBehavior, RunBehavior runBehavior, Boolean returnStream, Boolean async)
   at System.Data.SqlClient.SqlCommand.RunExecuteReader(CommandBehavior cmdBehavior, RunBehavior runBehavior, Boolean returnStream, String method, DbAsyncResult result)
   at System.Data.SqlClient.SqlCommand.InternalExecuteNonQuery(DbAsyncResult result, String methodName, Boolean sendToPipe)
   at System.Data.SqlClient.SqlCommand.ExecuteNonQuery()
   at BorG.SPM.Engine.Runtime.WriteSendMailLog(IDbConnection& _dbConnection, IDbTransaction& _dbTransaction, Int32 intCaseId, Int32 intStepSn, String& strSenderMail, String& strBehavior, String& strMailToUser)
   at BorG.SPM.Engine.STEP.Start(IDbConnection& objConnection, IDbTransaction& objTransaction, StartInfo& objStartInfo)
[SQL Command]:insert into TASKTRACE (CASEID,TASKID,NEXT_TASKID,BEHAVIOR) values (3686215,11044401,11047072,'JUMP')

BorG SPM Error (2017/03/21 09:27:23)
System.Data.SqlClient.SqlException: Timeout expired.  The timeout period elapsed prior to completion of the operation or the server is not responding.
   at System.Data.SqlClient.SqlConnection.OnError(SqlException exception, Boolean breakConnection)
   at System.Data.SqlClient.SqlInternalConnection.OnError(SqlException exception, Boolean breakConnection)
   at System.Data.SqlClient.TdsParser.ThrowExceptionAndWarning(TdsParserStateObject stateObj)
   at System.Data.SqlClient.TdsParser.Run(RunBehavior runBehavior, SqlCommand cmdHandler, SqlDataReader dataStream, BulkCopySimpleResultSet bulkCopyHandler, TdsParserStateObject stateObj)
   at System.Data.SqlClient.SqlCommand.FinishExecuteReader(SqlDataReader ds, RunBehavior runBehavior, String resetOptionsString)
   at System.Data.SqlClient.SqlCommand.RunExecuteReaderTds(CommandBehavior cmdBehavior, RunBehavior runBehavior, Boolean returnStream, Boolean async)
   at System.Data.SqlClient.SqlCommand.RunExecuteReader(CommandBehavior cmdBehavior, RunBehavior runBehavior, Boolean returnStream, String method, DbAsyncResult result)
   at System.Data.SqlClient.SqlCommand.InternalExecuteNonQuery(DbAsyncResult result, String methodName, Boolean sendToPipe)
   at System.Data.SqlClient.SqlCommand.ExecuteNonQuery()
   at BorG.SPM.Engine.Runtime.WriteSendMailLog(IDbConnection& _dbConnection, IDbTransaction& _dbTransaction, Int32 intCaseId, Int32 intStepSn, String& strSenderMail, String& strBehavior, String& strMailToUser)
   at BorG.SPM.Engine.STEP.Start(IDbConnection& objConnection, IDbTransaction& objTransaction, StartInfo& objStartInfo)
[SQL Command]:insert into TASKTRACE (CASEID,TASKID,NEXT_TASKID,BEHAVIOR) values (3686215,11047095,11047460,'RETURN')

BorG SPM Error (2017/03/21 09:40:53)
System.Data.SqlClient.SqlException: Timeout expired.  The timeout period elapsed prior to completion of the operation or the server is not responding.
   at System.Data.SqlClient.SqlConnection.OnError(SqlException exception, Boolean breakConnection)
   at System.Data.SqlClient.SqlInternalConnection.OnError(SqlException exception, Boolean breakConnection)
   at System.Data.SqlClient.TdsParser.ThrowExceptionAndWarning(TdsParserStateObject stateObj)
   at System.Data.SqlClient.TdsParser.Run(RunBehavior runBehavior, SqlCommand cmdHandler, SqlDataReader dataStream, BulkCopySimpleResultSet bulkCopyHandler, TdsParserStateObject stateObj)
   at System.Data.SqlClient.SqlCommand.FinishExecuteReader(SqlDataReader ds, RunBehavior runBehavior, String resetOptionsString)
   at System.Data.SqlClient.SqlCommand.RunExecuteReaderTds(CommandBehavior cmdBehavior, RunBehavior runBehavior, Boolean returnStream, Boolean async)
   at System.Data.SqlClient.SqlCommand.RunExecuteReader(CommandBehavior cmdBehavior, RunBehavior runBehavior, Boolean returnStream, String method, DbAsyncResult result)
   at System.Data.SqlClient.SqlCommand.InternalExecuteNonQuery(DbAsyncResult result, String methodName, Boolean sendToPipe)
   at System.Data.SqlClient.SqlCommand.ExecuteNonQuery()
   at BorG.SPM.Engine.Runtime.WriteSendMailLog(IDbConnection& _dbConnection, IDbTransaction& _dbTransaction, Int32 intCaseId, Int32 intStepSn, String& strSenderMail, String& strBehavior, String& strMailToUser)
   at BorG.SPM.Engine.STEP.Start(IDbConnection& objConnection, IDbTransaction& objTransaction, StartInfo& objStartInfo)
[SQL Command]:insert into TASKTRACE (CASEID,TASKID,NEXT_TASKID,BEHAVIOR) values (3687732,11047785,11047786,'START')

BorG SPM Error (2017/03/21 09:43:50)
System.Data.SqlClient.SqlException: Timeout expired.  The timeout period elapsed prior to completion of the operation or the server is not responding.
   at System.Data.SqlClient.SqlConnection.OnError(SqlException exception, Boolean breakConnection)
   at System.Data.SqlClient.SqlInternalConnection.OnError(SqlException exception, Boolean breakConnection)
   at System.Data.SqlClient.TdsParser.ThrowExceptionAndWarning(TdsParserStateObject stateObj)
   at System.Data.SqlClient.TdsParser.Run(RunBehavior runBehavior, SqlCommand cmdHandler, SqlDataReader dataStream, BulkCopySimpleResultSet bulkCopyHandler, TdsParserStateObject stateObj)
   at System.Data.SqlClient.SqlCommand.FinishExecuteReader(SqlDataReader ds, RunBehavior runBehavior, String resetOptionsString)
   at System.Data.SqlClient.SqlCommand.RunExecuteReaderTds(CommandBehavior cmdBehavior, RunBehavior runBehavior, Boolean returnStream, Boolean async)
   at System.Data.SqlClient.SqlCommand.RunExecuteReader(CommandBehavior cmdBehavior, RunBehavior runBehavior, Boolean returnStream, String method, DbAsyncResult result)
   at System.Data.SqlClient.SqlCommand.InternalExecuteNonQuery(DbAsyncResult result, String methodName, Boolean sendToPipe)
   at System.Data.SqlClient.SqlCommand.ExecuteNonQuery()
   at BorG.SPM.Engine.Runtime.WriteSendMailLog(IDbConnection& _dbConnection, IDbTransaction& _dbTransaction, Int32 intCaseId, Int32 intStepSn, String& strSenderMail, String& strBehavior, String& strMailToUser)
   at BorG.SPM.Engine.STEP.Start(IDbConnection& objConnection, IDbTransaction& objTransaction, StartInfo& objStartInfo)
[SQL Command]:insert into TASKTRACE (CASEID,TASKID,NEXT_TASKID,BEHAVIOR) values (3688390,11047840,11047841,'START')

BorG SPM Error (2017/03/21 09:46:46)
System.Data.SqlClient.SqlException: Timeout expired.  The timeout period elapsed prior to completion of the operation or the server is not responding.
   at System.Data.SqlClient.SqlConnection.OnError(SqlException exception, Boolean breakConnection)
   at System.Data.SqlClient.SqlInternalConnection.OnError(SqlException exception, Boolean breakConnection)
   at System.Data.SqlClient.TdsParser.ThrowExceptionAndWarning(TdsParserStateObject stateObj)
   at System.Data.SqlClient.TdsParser.Run(RunBehavior runBehavior, SqlCommand cmdHandler, SqlDataReader dataStream, BulkCopySimpleResultSet bulkCopyHandler, TdsParserStateObject stateObj)
   at System.Data.SqlClient.SqlCommand.FinishExecuteReader(SqlDataReader ds, RunBehavior runBehavior, String resetOptionsString)
   at System.Data.SqlClient.SqlCommand.RunExecuteReaderTds(CommandBehavior cmdBehavior, RunBehavior runBehavior, Boolean returnStream, Boolean async)
   at System.Data.SqlClient.SqlCommand.RunExecuteReader(CommandBehavior cmdBehavior, RunBehavior runBehavior, Boolean returnStream, String method, DbAsyncResult result)
   at System.Data.SqlClient.SqlCommand.InternalExecuteNonQuery(DbAsyncResult result, String methodName, Boolean sendToPipe)
   at System.Data.SqlClient.SqlCommand.ExecuteNonQuery()
   at BorG.SPM.Engine.Runtime.WriteSendMailLog(IDbConnection& _dbConnection, IDbTransaction& _dbTransaction, Int32 intCaseId, Int32 intStepSn, String& strSenderMail, String& strBehavior, String& strMailToUser)
   at BorG.SPM.Engine.STEP.Start(IDbConnection& objConnection, IDbTransaction& objTransaction, StartInfo& objStartInfo)
[SQL Command]:insert into TASKTRACE (CASEID,TASKID,NEXT_TASKID,BEHAVIOR) values (3688402,11047889,11047890,'START')

BorG SPM Error (2017/03/21 09:52:57)
System.Data.SqlClient.SqlException: Timeout expired.  The timeout period elapsed prior to completion of the operation or the server is not responding.
   at System.Data.SqlClient.SqlConnection.OnError(SqlException exception, Boolean breakConnection)
   at System.Data.SqlClient.SqlInternalConnection.OnError(SqlException exception, Boolean breakConnection)
   at System.Data.SqlClient.TdsParser.ThrowExceptionAndWarning(TdsParserStateObject stateObj)
   at System.Data.SqlClient.TdsParser.Run(RunBehavior runBehavior, SqlCommand cmdHandler, SqlDataReader dataStream, BulkCopySimpleResultSet bulkCopyHandler, TdsParserStateObject stateObj)
   at System.Data.SqlClient.SqlCommand.FinishExecuteReader(SqlDataReader ds, RunBehavior runBehavior, String resetOptionsString)
   at System.Data.SqlClient.SqlCommand.RunExecuteReaderTds(CommandBehavior cmdBehavior, RunBehavior runBehavior, Boolean returnStream, Boolean async)
   at System.Data.SqlClient.SqlCommand.RunExecuteReader(CommandBehavior cmdBehavior, RunBehavior runBehavior, Boolean returnStream, String method, DbAsyncResult result)
   at System.Data.SqlClient.SqlCommand.InternalExecuteNonQuery(DbAsyncResult result, String methodName, Boolean sendToPipe)
   at System.Data.SqlClient.SqlCommand.ExecuteNonQuery()
   at BorG.SPM.Engine.Runtime.WriteSendMailLog(IDbConnection& _dbConnection, IDbTransaction& _dbTransaction, Int32 intCaseId, Int32 intStepSn, String& strSenderMail, String& strBehavior, String& strMailToUser)
   at BorG.SPM.Engine.STEP.Start(IDbConnection& objConnection, IDbTransaction& objTransaction, StartInfo& objStartInfo)
[SQL Command]:insert into TASKTRACE (CASEID,TASKID,NEXT_TASKID,BEHAVIOR) values (3683695,11039688,11048030,'JUMP')

BorG SPM Error (2017/03/21 10:10:59)
System.Data.SqlClient.SqlException: Timeout expired.  The timeout period elapsed prior to completion of the operation or the server is not responding.
   at System.Data.SqlClient.SqlConnection.OnError(SqlException exception, Boolean breakConnection)
   at System.Data.SqlClient.SqlInternalConnection.OnError(SqlException exception, Boolean breakConnection)
   at System.Data.SqlClient.TdsParser.ThrowExceptionAndWarning(TdsParserStateObject stateObj)
   at System.Data.SqlClient.TdsParser.Run(RunBehavior runBehavior, SqlCommand cmdHandler, SqlDataReader dataStream, BulkCopySimpleResultSet bulkCopyHandler, TdsParserStateObject stateObj)
   at System.Data.SqlClient.SqlCommand.FinishExecuteReader(SqlDataReader ds, RunBehavior runBehavior, String resetOptionsString)
   at System.Data.SqlClient.SqlCommand.RunExecuteReaderTds(CommandBehavior cmdBehavior, RunBehavior runBehavior, Boolean returnStream, Boolean async)
   at System.Data.SqlClient.SqlCommand.RunExecuteReader(CommandBehavior cmdBehavior, RunBehavior runBehavior, Boolean returnStream, String method, DbAsyncResult result)
   at System.Data.SqlClient.SqlCommand.InternalExecuteNonQuery(DbAsyncResult result, String methodName, Boolean sendToPipe)
   at System.Data.SqlClient.SqlCommand.ExecuteNonQuery()
   at BorG.SPM.Engine.Runtime.WriteSendMailLog(IDbConnection& _dbConnection, IDbTransaction& _dbTransaction, Int32 intCaseId, Int32 intStepSn, String& strSenderMail, String& strBehavior, String& strMailToUser)
   at BorG.SPM.Engine.STEP.Start(IDbConnection& objConnection, IDbTransaction& objTransaction, StartInfo& objStartInfo)
[SQL Command]:insert into TASKTRACE (CASEID,TASKID,NEXT_TASKID,BEHAVIOR) values (3687618,11047849,11048368,'JUMP')

BorG SPM Error (2017/03/21 10:52:20)
System.Data.SqlClient.SqlException: Timeout expired.  The timeout period elapsed prior to completion of the operation or the server is not responding.
   at System.Data.SqlClient.SqlConnection.OnError(SqlException exception, Boolean breakConnection)
   at System.Data.SqlClient.SqlInternalConnection.OnError(SqlException exception, Boolean breakConnection)
   at System.Data.SqlClient.TdsParser.ThrowExceptionAndWarning(TdsParserStateObject stateObj)
   at System.Data.SqlClient.TdsParser.Run(RunBehavior runBehavior, SqlCommand cmdHandler, SqlDataReader dataStream, BulkCopySimpleResultSet bulkCopyHandler, TdsParserStateObject stateObj)
   at System.Data.SqlClient.SqlCommand.FinishExecuteReader(SqlDataReader ds, RunBehavior runBehavior, String resetOptionsString)
   at System.Data.SqlClient.SqlCommand.RunExecuteReaderTds(CommandBehavior cmdBehavior, RunBehavior runBehavior, Boolean returnStream, Boolean async)
   at System.Data.SqlClient.SqlCommand.RunExecuteReader(CommandBehavior cmdBehavior, RunBehavior runBehavior, Boolean returnStream, String method, DbAsyncResult result)
   at System.Data.SqlClient.SqlCommand.InternalExecuteNonQuery(DbAsyncResult result, String methodName, Boolean sendToPipe)
   at System.Data.SqlClient.SqlCommand.ExecuteNonQuery()
   at BorG.SPM.Engine.Runtime.WriteSendMailLog(IDbConnection& _dbConnection, IDbTransaction& _dbTransaction, Int32 intCaseId, Int32 intStepSn, String& strSenderMail, String& strBehavior, String& strMailToUser)
   at BorG.SPM.Engine.STEP.Start(IDbConnection& objConnection, IDbTransaction& objTransaction, StartInfo& objStartInfo)
[SQL Command]:insert into TASKTRACE (CASEID,TASKID,NEXT_TASKID,BEHAVIOR) values (3687618,11048382,11049111,'START')

BorG SPM Error (2017/03/21 10:55:26)
System.Data.SqlClient.SqlException: Timeout expired.  The timeout period elapsed prior to completion of the operation or the server is not responding.
   at System.Data.SqlClient.SqlConnection.OnError(SqlException exception, Boolean breakConnection)
   at System.Data.SqlClient.SqlInternalConnection.OnError(SqlException exception, Boolean breakConnection)
   at System.Data.SqlClient.TdsParser.ThrowExceptionAndWarning(TdsParserStateObject stateObj)
   at System.Data.SqlClient.TdsParser.Run(RunBehavior runBehavior, SqlCommand cmdHandler, SqlDataReader dataStream, BulkCopySimpleResultSet bulkCopyHandler, TdsParserStateObject stateObj)
   at System.Data.SqlClient.SqlCommand.FinishExecuteReader(SqlDataReader ds, RunBehavior runBehavior, String resetOptionsString)
   at System.Data.SqlClient.SqlCommand.RunExecuteReaderTds(CommandBehavior cmdBehavior, RunBehavior runBehavior, Boolean returnStream, Boolean async)
   at System.Data.SqlClient.SqlCommand.RunExecuteReader(CommandBehavior cmdBehavior, RunBehavior runBehavior, Boolean returnStream, String method, DbAsyncResult result)
   at System.Data.SqlClient.SqlCommand.InternalExecuteNonQuery(DbAsyncResult result, String methodName, Boolean sendToPipe)
   at System.Data.SqlClient.SqlCommand.ExecuteNonQuery()
   at BorG.SPM.Engine.Runtime.WriteSendMailLog(IDbConnection& _dbConnection, IDbTransaction& _dbTransaction, Int32 intCaseId, Int32 intStepSn, String& strSenderMail, String& strBehavior, String& strMailToUser)
   at BorG.SPM.Engine.STEP.Start(IDbConnection& objConnection, IDbTransaction& objTransaction, StartInfo& objStartInfo)
[SQL Command]:insert into TASKTRACE (CASEID,TASKID,NEXT_TASKID,BEHAVIOR) values (3687618,11048382,11049194,'START')

BorG SPM Error (2017/03/21 11:20:47)
System.Data.SqlClient.SqlException: Timeout expired.  The timeout period elapsed prior to completion of the operation or the server is not responding.
   at System.Data.SqlClient.SqlConnection.OnError(SqlException exception, Boolean breakConnection)
   at System.Data.SqlClient.SqlInternalConnection.OnError(SqlException exception, Boolean breakConnection)
   at System.Data.SqlClient.TdsParser.ThrowExceptionAndWarning(TdsParserStateObject stateObj)
   at System.Data.SqlClient.TdsParser.Run(RunBehavior runBehavior, SqlCommand cmdHandler, SqlDataReader dataStream, BulkCopySimpleResultSet bulkCopyHandler, TdsParserStateObject stateObj)
   at System.Data.SqlClient.SqlCommand.FinishExecuteReader(SqlDataReader ds, RunBehavior runBehavior, String resetOptionsString)
   at System.Data.SqlClient.SqlCommand.RunExecuteReaderTds(CommandBehavior cmdBehavior, RunBehavior runBehavior, Boolean returnStream, Boolean async)
   at System.Data.SqlClient.SqlCommand.RunExecuteReader(CommandBehavior cmdBehavior, RunBehavior runBehavior, Boolean returnStream, String method, DbAsyncResult result)
   at System.Data.SqlClient.SqlCommand.InternalExecuteNonQuery(DbAsyncResult result, String methodName, Boolean sendToPipe)
   at System.Data.SqlClient.SqlCommand.ExecuteNonQuery()
   at BorG.SPM.Engine.Runtime.WriteSendMailLog(IDbConnection& _dbConnection, IDbTransaction& _dbTransaction, Int32 intCaseId, Int32 intStepSn, String& strSenderMail, String& strBehavior, String& strMailToUser)
   at BorG.SPM.Engine.STEP.Start(IDbConnection& objConnection, IDbTransaction& objTransaction, StartInfo& objStartInfo)
[SQL Command]:insert into TASKTRACE (CASEID,TASKID,NEXT_TASKID,BEHAVIOR) values (3686714,11048238,11049409,'START')

BorG SPM Error (2017/03/21 11:25:49)
System.Data.SqlClient.SqlException: Timeout expired.  The timeout period elapsed prior to completion of the operation or the server is not responding.
   at System.Data.SqlClient.SqlConnection.OnError(SqlException exception, Boolean breakConnection)
   at System.Data.SqlClient.SqlInternalConnection.OnError(SqlException exception, Boolean breakConnection)
   at System.Data.SqlClient.TdsParser.ThrowExceptionAndWarning(TdsParserStateObject stateObj)
   at System.Data.SqlClient.TdsParser.Run(RunBehavior runBehavior, SqlCommand cmdHandler, SqlDataReader dataStream, BulkCopySimpleResultSet bulkCopyHandler, TdsParserStateObject stateObj)
   at System.Data.SqlClient.SqlCommand.FinishExecuteReader(SqlDataReader ds, RunBehavior runBehavior, String resetOptionsString)
   at System.Data.SqlClient.SqlCommand.RunExecuteReaderTds(CommandBehavior cmdBehavior, RunBehavior runBehavior, Boolean returnStream, Boolean async)
   at System.Data.SqlClient.SqlCommand.RunExecuteReader(CommandBehavior cmdBehavior, RunBehavior runBehavior, Boolean returnStream, String method, DbAsyncResult result)
   at System.Data.SqlClient.SqlCommand.InternalExecuteNonQuery(DbAsyncResult result, String methodName, Boolean sendToPipe)
   at System.Data.SqlClient.SqlCommand.ExecuteNonQuery()
   at BorG.SPM.Engine.Runtime.WriteSendMailLog(IDbConnection& _dbConnection, IDbTransaction& _dbTransaction, Int32 intCaseId, Int32 intStepSn, String& strSenderMail, String& strBehavior, String& strMailToUser)
   at BorG.SPM.Engine.STEP.Start(IDbConnection& objConnection, IDbTransaction& objTransaction, StartInfo& objStartInfo)
[SQL Command]:insert into TASKTRACE (CASEID,TASKID,NEXT_TASKID,BEHAVIOR) values (3683358,11037988,11049533,'START')

BorG SPM Error (2017/03/21 11:43:43)
System.Data.SqlClient.SqlException: Timeout expired.  The timeout period elapsed prior to completion of the operation or the server is not responding.
   at System.Data.SqlClient.SqlConnection.OnError(SqlException exception, Boolean breakConnection)
   at System.Data.SqlClient.SqlInternalConnection.OnError(SqlException exception, Boolean breakConnection)
   at System.Data.SqlClient.TdsParser.ThrowExceptionAndWarning(TdsParserStateObject stateObj)
   at System.Data.SqlClient.TdsParser.Run(RunBehavior runBehavior, SqlCommand cmdHandler, SqlDataReader dataStream, BulkCopySimpleResultSet bulkCopyHandler, TdsParserStateObject stateObj)
   at System.Data.SqlClient.SqlCommand.FinishExecuteReader(SqlDataReader ds, RunBehavior runBehavior, String resetOptionsString)
   at System.Data.SqlClient.SqlCommand.RunExecuteReaderTds(CommandBehavior cmdBehavior, RunBehavior runBehavior, Boolean returnStream, Boolean async)
   at System.Data.SqlClient.SqlCommand.RunExecuteReader(CommandBehavior cmdBehavior, RunBehavior runBehavior, Boolean returnStream, String method, DbAsyncResult result)
   at System.Data.SqlClient.SqlCommand.InternalExecuteNonQuery(DbAsyncResult result, String methodName, Boolean sendToPipe)
   at System.Data.SqlClient.SqlCommand.ExecuteNonQuery()
   at BorG.SPM.Engine.Runtime.WriteSendMailLog(IDbConnection& _dbConnection, IDbTransaction& _dbTransaction, Int32 intCaseId, Int32 intStepSn, String& strSenderMail, String& strBehavior, String& strMailToUser)
   at BorG.SPM.Engine.STEP.Start(IDbConnection& objConnection, IDbTransaction& objTransaction, StartInfo& objStartInfo)
[SQL Command]:insert into TASKTRACE (CASEID,TASKID,NEXT_TASKID,BEHAVIOR) values (3683937,11049505,11049789,'START')

BorG SPM Error (2017/03/21 11:46:41)
System.Data.SqlClient.SqlException: Timeout expired.  The timeout period elapsed prior to completion of the operation or the server is not responding.
   at System.Data.SqlClient.SqlConnection.OnError(SqlException exception, Boolean breakConnection)
   at System.Data.SqlClient.SqlInternalConnection.OnError(SqlException exception, Boolean breakConnection)
   at System.Data.SqlClient.TdsParser.ThrowExceptionAndWarning(TdsParserStateObject stateObj)
   at System.Data.SqlClient.TdsParser.Run(RunBehavior runBehavior, SqlCommand cmdHandler, SqlDataReader dataStream, BulkCopySimpleResultSet bulkCopyHandler, TdsParserStateObject stateObj)
   at System.Data.SqlClient.SqlCommand.FinishExecuteReader(SqlDataReader ds, RunBehavior runBehavior, String resetOptionsString)
   at System.Data.SqlClient.SqlCommand.RunExecuteReaderTds(CommandBehavior cmdBehavior, RunBehavior runBehavior, Boolean returnStream, Boolean async)
   at System.Data.SqlClient.SqlCommand.RunExecuteReader(CommandBehavior cmdBehavior, RunBehavior runBehavior, Boolean returnStream, String method, DbAsyncResult result)
   at System.Data.SqlClient.SqlCommand.InternalExecuteNonQuery(DbAsyncResult result, String methodName, Boolean sendToPipe)
   at System.Data.SqlClient.SqlCommand.ExecuteNonQuery()
   at BorG.SPM.Engine.Runtime.WriteSendMailLog(IDbConnection& _dbConnection, IDbTransaction& _dbTransaction, Int32 intCaseId, Int32 intStepSn, String& strSenderMail, String& strBehavior, String& strMailToUser)
   at BorG.SPM.Engine.STEP.Start(IDbConnection& objConnection, IDbTransaction& objTransaction, StartInfo& objStartInfo)
[SQL Command]:insert into TASKTRACE (CASEID,TASKID,NEXT_TASKID,BEHAVIOR) values (3683358,11049651,11049843,'START')

BorG SPM Error (2017/03/21 11:47:19)
System.Data.SqlClient.SqlException: Timeout expired.  The timeout period elapsed prior to completion of the operation or the server is not responding.
   at System.Data.SqlClient.SqlConnection.OnError(SqlException exception, Boolean breakConnection)
   at System.Data.SqlClient.SqlInternalConnection.OnError(SqlException exception, Boolean breakConnection)
   at System.Data.SqlClient.TdsParser.ThrowExceptionAndWarning(TdsParserStateObject stateObj)
   at System.Data.SqlClient.TdsParser.Run(RunBehavior runBehavior, SqlCommand cmdHandler, SqlDataReader dataStream, BulkCopySimpleResultSet bulkCopyHandler, TdsParserStateObject stateObj)
   at System.Data.SqlClient.SqlCommand.FinishExecuteReader(SqlDataReader ds, RunBehavior runBehavior, String resetOptionsString)
   at System.Data.SqlClient.SqlCommand.RunExecuteReaderTds(CommandBehavior cmdBehavior, RunBehavior runBehavior, Boolean returnStream, Boolean async)
   at System.Data.SqlClient.SqlCommand.RunExecuteReader(CommandBehavior cmdBehavior, RunBehavior runBehavior, Boolean returnStream, String method, DbAsyncResult result)
   at System.Data.SqlClient.SqlCommand.InternalExecuteNonQuery(DbAsyncResult result, String methodName, Boolean sendToPipe)
   at System.Data.SqlClient.SqlCommand.ExecuteNonQuery()
   at BorG.SPM.Engine.Runtime.WriteSendMailLog(IDbConnection& _dbConnection, IDbTransaction& _dbTransaction, Int32 intCaseId, Int32 intStepSn, String& strSenderMail, String& strBehavior, String& strMailToUser)
   at BorG.SPM.Engine.STEP.Start(IDbConnection& objConnection, IDbTransaction& objTransaction, StartInfo& objStartInfo)
[SQL Command]:insert into TASKTRACE (CASEID,TASKID,NEXT_TASKID,BEHAVIOR) values (3683358,11049651,11049851,'START')

BorG SPM Error (2017/03/21 11:49:24)
System.Data.SqlClient.SqlException: Timeout expired.  The timeout period elapsed prior to completion of the operation or the server is not responding.
   at System.Data.SqlClient.SqlConnection.OnError(SqlException exception, Boolean breakConnection)
   at System.Data.SqlClient.SqlInternalConnection.OnError(SqlException exception, Boolean breakConnection)
   at System.Data.SqlClient.TdsParser.ThrowExceptionAndWarning(TdsParserStateObject stateObj)
   at System.Data.SqlClient.TdsParser.Run(RunBehavior runBehavior, SqlCommand cmdHandler, SqlDataReader dataStream, BulkCopySimpleResultSet bulkCopyHandler, TdsParserStateObject stateObj)
   at System.Data.SqlClient.SqlCommand.FinishExecuteReader(SqlDataReader ds, RunBehavior runBehavior, String resetOptionsString)
   at System.Data.SqlClient.SqlCommand.RunExecuteReaderTds(CommandBehavior cmdBehavior, RunBehavior runBehavior, Boolean returnStream, Boolean async)
   at System.Data.SqlClient.SqlCommand.RunExecuteReader(CommandBehavior cmdBehavior, RunBehavior runBehavior, Boolean returnStream, String method, DbAsyncResult result)
   at System.Data.SqlClient.SqlCommand.InternalExecuteNonQuery(DbAsyncResult result, String methodName, Boolean sendToPipe)
   at System.Data.SqlClient.SqlCommand.ExecuteNonQuery()
   at BorG.SPM.Engine.Runtime.WriteSendMailLog(IDbConnection& _dbConnection, IDbTransaction& _dbTransaction, Int32 intCaseId, Int32 intStepSn, String& strSenderMail, String& strBehavior, String& strMailToUser)
   at BorG.SPM.Engine.STEP.Start(IDbConnection& objConnection, IDbTransaction& objTransaction, StartInfo& objStartInfo)
[SQL Command]:insert into TASKTRACE (CASEID,TASKID,NEXT_TASKID,BEHAVIOR) values (3683358,11049651,11049923,'START')

BorG SPM Error (2017/03/21 11:52:57)
System.Data.SqlClient.SqlException: Timeout expired.  The timeout period elapsed prior to completion of the operation or the server is not responding.
   at System.Data.SqlClient.SqlConnection.OnError(SqlException exception, Boolean breakConnection)
   at System.Data.SqlClient.SqlInternalConnection.OnError(SqlException exception, Boolean breakConnection)
   at System.Data.SqlClient.TdsParser.ThrowExceptionAndWarning(TdsParserStateObject stateObj)
   at System.Data.SqlClient.TdsParser.Run(RunBehavior runBehavior, SqlCommand cmdHandler, SqlDataReader dataStream, BulkCopySimpleResultSet bulkCopyHandler, TdsParserStateObject stateObj)
   at System.Data.SqlClient.SqlCommand.FinishExecuteReader(SqlDataReader ds, RunBehavior runBehavior, String resetOptionsString)
   at System.Data.SqlClient.SqlCommand.RunExecuteReaderTds(CommandBehavior cmdBehavior, RunBehavior runBehavior, Boolean returnStream, Boolean async)
   at System.Data.SqlClient.SqlCommand.RunExecuteReader(CommandBehavior cmdBehavior, RunBehavior runBehavior, Boolean returnStream, String method, DbAsyncResult result)
   at System.Data.SqlClient.SqlCommand.InternalExecuteNonQuery(DbAsyncResult result, String methodName, Boolean sendToPipe)
   at System.Data.SqlClient.SqlCommand.ExecuteNonQuery()
   at BorG.SPM.Engine.Runtime.WriteSendMailLog(IDbConnection& _dbConnection, IDbTransaction& _dbTransaction, Int32 intCaseId, Int32 intStepSn, String& strSenderMail, String& strBehavior, String& strMailToUser)
   at BorG.SPM.Engine.STEP.Start(IDbConnection& objConnection, IDbTransaction& objTransaction, StartInfo& objStartInfo)
[SQL Command]:insert into TASKTRACE (CASEID,TASKID,NEXT_TASKID,BEHAVIOR) values (3683358,11049929,11049953,'START')

BorG SPM Error (2017/03/21 12:07:31)
System.Data.SqlClient.SqlException: Timeout expired.  The timeout period elapsed prior to completion of the operation or the server is not responding.
   at System.Data.SqlClient.SqlConnection.OnError(SqlException exception, Boolean breakConnection)
   at System.Data.SqlClient.SqlInternalConnection.OnError(SqlException exception, Boolean breakConnection)
   at System.Data.SqlClient.TdsParser.ThrowExceptionAndWarning(TdsParserStateObject stateObj)
   at System.Data.SqlClient.TdsParser.Run(RunBehavior runBehavior, SqlCommand cmdHandler, SqlDataReader dataStream, BulkCopySimpleResultSet bulkCopyHandler, TdsParserStateObject stateObj)
   at System.Data.SqlClient.SqlCommand.FinishExecuteReader(SqlDataReader ds, RunBehavior runBehavior, String resetOptionsString)
   at System.Data.SqlClient.SqlCommand.RunExecuteReaderTds(CommandBehavior cmdBehavior, RunBehavior runBehavior, Boolean returnStream, Boolean async)
   at System.Data.SqlClient.SqlCommand.RunExecuteReader(CommandBehavior cmdBehavior, RunBehavior runBehavior, Boolean returnStream, String method, DbAsyncResult result)
   at System.Data.SqlClient.SqlCommand.InternalExecuteNonQuery(DbAsyncResult result, String methodName, Boolean sendToPipe)
   at System.Data.SqlClient.SqlCommand.ExecuteNonQuery()
   at BorG.SPM.Engine.Runtime.WriteSendMailLog(IDbConnection& _dbConnection, IDbTransaction& _dbTransaction, Int32 intCaseId, Int32 intStepSn, String& strSenderMail, String& strBehavior, String& strMailToUser)
   at BorG.SPM.Engine.STEP.Start(IDbConnection& objConnection, IDbTransaction& objTransaction, StartInfo& objStartInfo)
[SQL Command]:insert into TASKTRACE (CASEID,TASKID,NEXT_TASKID,BEHAVIOR) values (3688871,11048668,11050129,'START')

BorG SPM Error (2017/05/24 15:52:40)
System.FormatException: String was not recognized as a valid DateTime.
   at BorG.SPM.Engine.Router.Run()
   at BorG.SPM.Designer.Runtime.Send(Boolean bOffLine)

BorG SPM Error (2017/05/24 15:52:57)
System.FormatException: String was not recognized as a valid DateTime.
   at BorG.SPM.Engine.Router.Run()
   at BorG.SPM.Designer.Runtime.Send(Boolean bOffLine)

BorG SPM Error (2017/05/24 15:54:36)
System.FormatException: String was not recognized as a valid DateTime.
   at BorG.SPM.Engine.Router.Run()
   at BorG.SPM.Designer.Runtime.Send(Boolean bOffLine)

BorG SPM Error (2017/05/24 15:55:12)
System.FormatException: String was not recognized as a valid DateTime.
   at BorG.SPM.Engine.Router.Run()
   at BorG.SPM.Designer.Runtime.Send(Boolean bOffLine)

BorG SPM Error (2017/05/24 15:56:59)
System.FormatException: String was not recognized as a valid DateTime.
   at BorG.SPM.Engine.Router.Run()
   at BorG.SPM.Designer.Runtime.Send(Boolean bOffLine)

BorG SPM Error (2017/05/24 15:57:25)
System.FormatException: String was not recognized as a valid DateTime.
   at BorG.SPM.Engine.Router.Run()
   at BorG.SPM.Designer.Runtime.Send(Boolean bOffLine)

BorG SPM Error (2017/05/24 15:58:30)
System.FormatException: String was not recognized as a valid DateTime.
   at BorG.SPM.Engine.Router.Run()
   at BorG.SPM.Designer.Runtime.Send(Boolean bOffLine)

BorG SPM Error (2017/05/24 16:00:25)
System.FormatException: String was not recognized as a valid DateTime.
   at BorG.SPM.Engine.Router.Run()
   at BorG.SPM.Designer.Runtime.Send(Boolean bOffLine)

BorG SPM Error (2017/05/24 16:01:36)
System.FormatException: String was not recognized as a valid DateTime.
   at BorG.SPM.Engine.Router.Run()
   at BorG.SPM.Designer.Runtime.Send(Boolean bOffLine)

BorG SPM Error (2017/05/24 16:01:46)
System.FormatException: String was not recognized as a valid DateTime.
   at BorG.SPM.Engine.Router.Run()
   at BorG.SPM.Designer.Runtime.Send(Boolean bOffLine)

BorG SPM Error (2017/05/24 16:03:03)
System.FormatException: String was not recognized as a valid DateTime.
   at BorG.SPM.Engine.Router.Run()
   at BorG.SPM.Designer.Runtime.Send(Boolean bOffLine)

